{"C:\\Users\\15038\\OneDrive\\Desktop\\Capstone\\my-classroom-backend\\app\\models\\index.js": {"path":"C:\\Users\\15038\\OneDrive\\Desktop\\Capstone\\my-classroom-backend\\app\\models\\index.js","statementMap":{"0":{"start":{"line":3,"column":11},"end":{"line":3,"column":24}},"1":{"start":{"line":4,"column":13},"end":{"line":4,"column":28}},"2":{"start":{"line":5,"column":18},"end":{"line":5,"column":38}},"3":{"start":{"line":6,"column":16},"end":{"line":6,"column":34}},"4":{"start":{"line":7,"column":17},"end":{"line":7,"column":42}},"5":{"start":{"line":8,"column":12},"end":{"line":8,"column":49}},"6":{"start":{"line":9,"column":15},"end":{"line":9,"column":69}},"7":{"start":{"line":10,"column":11},"end":{"line":10,"column":13}},"8":{"start":{"line":13,"column":0},"end":{"line":17,"column":1}},"9":{"start":{"line":14,"column":2},"end":{"line":14,"column":74}},"10":{"start":{"line":16,"column":2},"end":{"line":16,"column":87}},"11":{"start":{"line":19,"column":0},"end":{"line":27,"column":5}},"12":{"start":{"line":22,"column":4},"end":{"line":22,"column":90}},"13":{"start":{"line":25,"column":18},"end":{"line":25,"column":85}},"14":{"start":{"line":26,"column":4},"end":{"line":26,"column":27}},"15":{"start":{"line":29,"column":0},"end":{"line":33,"column":3}},"16":{"start":{"line":30,"column":2},"end":{"line":32,"column":3}},"17":{"start":{"line":31,"column":4},"end":{"line":31,"column":32}},"18":{"start":{"line":35,"column":0},"end":{"line":35,"column":25}},"19":{"start":{"line":36,"column":0},"end":{"line":36,"column":25}},"20":{"start":{"line":38,"column":0},"end":{"line":38,"column":20}}},"fnMap":{"0":{"name":"(anonymous_0)","decl":{"start":{"line":21,"column":10},"end":{"line":21,"column":11}},"loc":{"start":{"line":21,"column":18},"end":{"line":23,"column":3}},"line":21},"1":{"name":"(anonymous_1)","decl":{"start":{"line":24,"column":11},"end":{"line":24,"column":12}},"loc":{"start":{"line":24,"column":19},"end":{"line":27,"column":3}},"line":24},"2":{"name":"(anonymous_2)","decl":{"start":{"line":29,"column":24},"end":{"line":29,"column":25}},"loc":{"start":{"line":29,"column":37},"end":{"line":33,"column":1}},"line":29}},"branchMap":{"0":{"loc":{"start":{"line":8,"column":12},"end":{"line":8,"column":49}},"type":"binary-expr","locations":[{"start":{"line":8,"column":12},"end":{"line":8,"column":32}},{"start":{"line":8,"column":36},"end":{"line":8,"column":49}}],"line":8},"1":{"loc":{"start":{"line":13,"column":0},"end":{"line":17,"column":1}},"type":"if","locations":[{"start":{"line":13,"column":0},"end":{"line":17,"column":1}},{"start":{"line":15,"column":7},"end":{"line":17,"column":1}}],"line":13},"2":{"loc":{"start":{"line":22,"column":11},"end":{"line":22,"column":89}},"type":"binary-expr","locations":[{"start":{"line":22,"column":12},"end":{"line":22,"column":35}},{"start":{"line":22,"column":41},"end":{"line":22,"column":58}},{"start":{"line":22,"column":64},"end":{"line":22,"column":88}}],"line":22},"3":{"loc":{"start":{"line":30,"column":2},"end":{"line":32,"column":3}},"type":"if","locations":[{"start":{"line":30,"column":2},"end":{"line":32,"column":3}},{"start":{},"end":{}}],"line":30}},"s":{"0":3,"1":3,"2":3,"3":3,"4":3,"5":3,"6":3,"7":3,"8":3,"9":0,"10":3,"11":3,"12":15,"13":12,"14":12,"15":3,"16":12,"17":0,"18":3,"19":3,"20":3},"f":{"0":15,"1":12,"2":12},"b":{"0":[3,0],"1":[0,3],"2":[15,15,12],"3":[0,12]},"_coverageSchema":"1a1c01bbd47fc00a2c39e90264f33305004495a9","hash":"75182aec708d7c3a42c6e2906e9d907d68cbe281"}
,"C:\\Users\\15038\\OneDrive\\Desktop\\Capstone\\my-classroom-backend\\app\\models\\lecture.js": {"path":"C:\\Users\\15038\\OneDrive\\Desktop\\Capstone\\my-classroom-backend\\app\\models\\lecture.js","statementMap":{"0":{"start":{"line":6,"column":0},"end":{"line":60,"column":1}},"1":{"start":{"line":7,"column":20},"end":{"line":57,"column":6}},"2":{"start":{"line":59,"column":4},"end":{"line":59,"column":19}}},"fnMap":{"0":{"name":"(anonymous_0)","decl":{"start":{"line":6,"column":17},"end":{"line":6,"column":18}},"loc":{"start":{"line":6,"column":43},"end":{"line":60,"column":1}},"line":6}},"branchMap":{},"s":{"0":3,"1":3,"2":3},"f":{"0":3},"b":{},"_coverageSchema":"1a1c01bbd47fc00a2c39e90264f33305004495a9","hash":"b8c91e5a75b857e13db2f4009f282a01ee6aef8c"}
,"C:\\Users\\15038\\OneDrive\\Desktop\\Capstone\\my-classroom-backend\\app\\models\\question.js": {"path":"C:\\Users\\15038\\OneDrive\\Desktop\\Capstone\\my-classroom-backend\\app\\models\\question.js","statementMap":{"0":{"start":{"line":3,"column":23},"end":{"line":3,"column":61}},"1":{"start":{"line":5,"column":0},"end":{"line":170,"column":1}},"2":{"start":{"line":6,"column":21},"end":{"line":111,"column":6}},"3":{"start":{"line":40,"column":20},"end":{"line":65,"column":21}},"4":{"start":{"line":43,"column":42},"end":{"line":43,"column":55}},"5":{"start":{"line":44,"column":28},"end":{"line":46,"column":29}},"6":{"start":{"line":45,"column":32},"end":{"line":45,"column":90}},"7":{"start":{"line":47,"column":49},"end":{"line":47,"column":76}},"8":{"start":{"line":48,"column":28},"end":{"line":50,"column":29}},"9":{"start":{"line":49,"column":32},"end":{"line":49,"column":101}},"10":{"start":{"line":51,"column":40},"end":{"line":51,"column":41}},"11":{"start":{"line":52,"column":28},"end":{"line":61,"column":29}},"12":{"start":{"line":53,"column":45},"end":{"line":53,"column":59}},"13":{"start":{"line":55,"column":32},"end":{"line":60,"column":33}},"14":{"start":{"line":56,"column":36},"end":{"line":56,"column":111}},"15":{"start":{"line":58,"column":37},"end":{"line":60,"column":33}},"16":{"start":{"line":59,"column":36},"end":{"line":59,"column":119}},"17":{"start":{"line":62,"column":28},"end":{"line":62,"column":33}},"18":{"start":{"line":64,"column":28},"end":{"line":64,"column":33}},"19":{"start":{"line":73,"column":20},"end":{"line":104,"column":21}},"20":{"start":{"line":76,"column":51},"end":{"line":76,"column":79}},"21":{"start":{"line":77,"column":28},"end":{"line":79,"column":29}},"22":{"start":{"line":78,"column":32},"end":{"line":78,"column":124}},"23":{"start":{"line":80,"column":47},"end":{"line":80,"column":48}},"24":{"start":{"line":81,"column":40},"end":{"line":81,"column":41}},"25":{"start":{"line":82,"column":28},"end":{"line":94,"column":29}},"26":{"start":{"line":83,"column":45},"end":{"line":83,"column":57}},"27":{"start":{"line":85,"column":32},"end":{"line":90,"column":33}},"28":{"start":{"line":86,"column":36},"end":{"line":86,"column":111}},"29":{"start":{"line":88,"column":37},"end":{"line":90,"column":33}},"30":{"start":{"line":89,"column":36},"end":{"line":89,"column":109}},"31":{"start":{"line":91,"column":32},"end":{"line":93,"column":33}},"32":{"start":{"line":92,"column":36},"end":{"line":92,"column":53}},"33":{"start":{"line":95,"column":28},"end":{"line":100,"column":29}},"34":{"start":{"line":96,"column":32},"end":{"line":96,"column":112}},"35":{"start":{"line":98,"column":33},"end":{"line":100,"column":29}},"36":{"start":{"line":99,"column":32},"end":{"line":99,"column":108}},"37":{"start":{"line":101,"column":28},"end":{"line":101,"column":33}},"38":{"start":{"line":103,"column":28},"end":{"line":103,"column":33}},"39":{"start":{"line":124,"column":4},"end":{"line":167,"column":5}},"40":{"start":{"line":125,"column":20},"end":{"line":125,"column":23}},"41":{"start":{"line":126,"column":24},"end":{"line":126,"column":42}},"42":{"start":{"line":127,"column":8},"end":{"line":129,"column":9}},"43":{"start":{"line":128,"column":12},"end":{"line":128,"column":24}},"44":{"start":{"line":130,"column":8},"end":{"line":165,"column":9}},"45":{"start":{"line":133,"column":37},"end":{"line":133,"column":38}},"46":{"start":{"line":134,"column":37},"end":{"line":134,"column":38}},"47":{"start":{"line":135,"column":36},"end":{"line":135,"column":37}},"48":{"start":{"line":136,"column":36},"end":{"line":136,"column":37}},"49":{"start":{"line":137,"column":28},"end":{"line":137,"column":29}},"50":{"start":{"line":138,"column":37},"end":{"line":138,"column":38}},"51":{"start":{"line":139,"column":16},"end":{"line":154,"column":17}},"52":{"start":{"line":140,"column":20},"end":{"line":153,"column":21}},"53":{"start":{"line":141,"column":24},"end":{"line":141,"column":42}},"54":{"start":{"line":142,"column":24},"end":{"line":142,"column":43}},"55":{"start":{"line":144,"column":25},"end":{"line":153,"column":21}},"56":{"start":{"line":145,"column":24},"end":{"line":145,"column":43}},"57":{"start":{"line":147,"column":25},"end":{"line":153,"column":21}},"58":{"start":{"line":148,"column":24},"end":{"line":148,"column":43}},"59":{"start":{"line":149,"column":24},"end":{"line":149,"column":43}},"60":{"start":{"line":152,"column":24},"end":{"line":152,"column":42}},"61":{"start":{"line":155,"column":16},"end":{"line":163,"column":17}},"62":{"start":{"line":156,"column":20},"end":{"line":156,"column":41}},"63":{"start":{"line":158,"column":45},"end":{"line":158,"column":66}},"64":{"start":{"line":159,"column":20},"end":{"line":159,"column":96}},"65":{"start":{"line":160,"column":20},"end":{"line":162,"column":21}},"66":{"start":{"line":161,"column":24},"end":{"line":161,"column":33}},"67":{"start":{"line":164,"column":16},"end":{"line":164,"column":21}},"68":{"start":{"line":166,"column":8},"end":{"line":166,"column":63}},"69":{"start":{"line":169,"column":4},"end":{"line":169,"column":19}}},"fnMap":{"0":{"name":"(anonymous_0)","decl":{"start":{"line":5,"column":17},"end":{"line":5,"column":18}},"loc":{"start":{"line":5,"column":43},"end":{"line":170,"column":1}},"line":5},"1":{"name":"(anonymous_1)","decl":{"start":{"line":39,"column":16},"end":{"line":39,"column":17}},"loc":{"start":{"line":39,"column":41},"end":{"line":66,"column":17}},"line":39},"2":{"name":"(anonymous_2)","decl":{"start":{"line":72,"column":16},"end":{"line":72,"column":17}},"loc":{"start":{"line":72,"column":41},"end":{"line":105,"column":17}},"line":72},"3":{"name":"(anonymous_3)","decl":{"start":{"line":124,"column":39},"end":{"line":124,"column":40}},"loc":{"start":{"line":124,"column":61},"end":{"line":167,"column":5}},"line":124}},"branchMap":{"0":{"loc":{"start":{"line":40,"column":20},"end":{"line":65,"column":21}},"type":"switch","locations":[{"start":{"line":41,"column":24},"end":{"line":41,"column":47}},{"start":{"line":42,"column":24},"end":{"line":62,"column":33}},{"start":{"line":63,"column":24},"end":{"line":64,"column":33}}],"line":40},"1":{"loc":{"start":{"line":44,"column":28},"end":{"line":46,"column":29}},"type":"if","locations":[{"start":{"line":44,"column":28},"end":{"line":46,"column":29}},{"start":{},"end":{}}],"line":44},"2":{"loc":{"start":{"line":48,"column":28},"end":{"line":50,"column":29}},"type":"if","locations":[{"start":{"line":48,"column":28},"end":{"line":50,"column":29}},{"start":{},"end":{}}],"line":48},"3":{"loc":{"start":{"line":55,"column":32},"end":{"line":60,"column":33}},"type":"if","locations":[{"start":{"line":55,"column":32},"end":{"line":60,"column":33}},{"start":{"line":58,"column":37},"end":{"line":60,"column":33}}],"line":55},"4":{"loc":{"start":{"line":58,"column":37},"end":{"line":60,"column":33}},"type":"if","locations":[{"start":{"line":58,"column":37},"end":{"line":60,"column":33}},{"start":{},"end":{}}],"line":58},"5":{"loc":{"start":{"line":58,"column":41},"end":{"line":58,"column":90}},"type":"binary-expr","locations":[{"start":{"line":58,"column":41},"end":{"line":58,"column":66}},{"start":{"line":58,"column":70},"end":{"line":58,"column":90}}],"line":58},"6":{"loc":{"start":{"line":73,"column":20},"end":{"line":104,"column":21}},"type":"switch","locations":[{"start":{"line":74,"column":24},"end":{"line":74,"column":47}},{"start":{"line":75,"column":24},"end":{"line":101,"column":33}},{"start":{"line":102,"column":24},"end":{"line":103,"column":33}}],"line":73},"7":{"loc":{"start":{"line":77,"column":28},"end":{"line":79,"column":29}},"type":"if","locations":[{"start":{"line":77,"column":28},"end":{"line":79,"column":29}},{"start":{},"end":{}}],"line":77},"8":{"loc":{"start":{"line":85,"column":32},"end":{"line":90,"column":33}},"type":"if","locations":[{"start":{"line":85,"column":32},"end":{"line":90,"column":33}},{"start":{"line":88,"column":37},"end":{"line":90,"column":33}}],"line":85},"9":{"loc":{"start":{"line":88,"column":37},"end":{"line":90,"column":33}},"type":"if","locations":[{"start":{"line":88,"column":37},"end":{"line":90,"column":33}},{"start":{},"end":{}}],"line":88},"10":{"loc":{"start":{"line":88,"column":43},"end":{"line":88,"column":78}},"type":"binary-expr","locations":[{"start":{"line":88,"column":43},"end":{"line":88,"column":58}},{"start":{"line":88,"column":62},"end":{"line":88,"column":78}}],"line":88},"11":{"loc":{"start":{"line":91,"column":32},"end":{"line":93,"column":33}},"type":"if","locations":[{"start":{"line":91,"column":32},"end":{"line":93,"column":33}},{"start":{},"end":{}}],"line":91},"12":{"loc":{"start":{"line":95,"column":28},"end":{"line":100,"column":29}},"type":"if","locations":[{"start":{"line":95,"column":28},"end":{"line":100,"column":29}},{"start":{"line":98,"column":33},"end":{"line":100,"column":29}}],"line":95},"13":{"loc":{"start":{"line":95,"column":32},"end":{"line":95,"column":83}},"type":"binary-expr","locations":[{"start":{"line":95,"column":32},"end":{"line":95,"column":49}},{"start":{"line":95,"column":53},"end":{"line":95,"column":83}}],"line":95},"14":{"loc":{"start":{"line":98,"column":33},"end":{"line":100,"column":29}},"type":"if","locations":[{"start":{"line":98,"column":33},"end":{"line":100,"column":29}},{"start":{},"end":{}}],"line":98},"15":{"loc":{"start":{"line":98,"column":37},"end":{"line":98,"column":87}},"type":"binary-expr","locations":[{"start":{"line":98,"column":37},"end":{"line":98,"column":53}},{"start":{"line":98,"column":57},"end":{"line":98,"column":87}}],"line":98},"16":{"loc":{"start":{"line":127,"column":8},"end":{"line":129,"column":9}},"type":"if","locations":[{"start":{"line":127,"column":8},"end":{"line":129,"column":9}},{"start":{},"end":{}}],"line":127},"17":{"loc":{"start":{"line":130,"column":8},"end":{"line":165,"column":9}},"type":"switch","locations":[{"start":{"line":131,"column":12},"end":{"line":131,"column":35}},{"start":{"line":132,"column":12},"end":{"line":164,"column":21}}],"line":130},"18":{"loc":{"start":{"line":140,"column":20},"end":{"line":153,"column":21}},"type":"if","locations":[{"start":{"line":140,"column":20},"end":{"line":153,"column":21}},{"start":{"line":144,"column":25},"end":{"line":153,"column":21}}],"line":140},"19":{"loc":{"start":{"line":140,"column":24},"end":{"line":140,"column":79}},"type":"binary-expr","locations":[{"start":{"line":140,"column":24},"end":{"line":140,"column":47}},{"start":{"line":140,"column":51},"end":{"line":140,"column":79}}],"line":140},"20":{"loc":{"start":{"line":144,"column":25},"end":{"line":153,"column":21}},"type":"if","locations":[{"start":{"line":144,"column":25},"end":{"line":153,"column":21}},{"start":{"line":147,"column":25},"end":{"line":153,"column":21}}],"line":144},"21":{"loc":{"start":{"line":144,"column":29},"end":{"line":144,"column":85}},"type":"binary-expr","locations":[{"start":{"line":144,"column":29},"end":{"line":144,"column":52}},{"start":{"line":144,"column":56},"end":{"line":144,"column":85}}],"line":144},"22":{"loc":{"start":{"line":147,"column":25},"end":{"line":153,"column":21}},"type":"if","locations":[{"start":{"line":147,"column":25},"end":{"line":153,"column":21}},{"start":{"line":151,"column":25},"end":{"line":153,"column":21}}],"line":147},"23":{"loc":{"start":{"line":147,"column":29},"end":{"line":147,"column":85}},"type":"binary-expr","locations":[{"start":{"line":147,"column":29},"end":{"line":147,"column":53}},{"start":{"line":147,"column":57},"end":{"line":147,"column":85}}],"line":147},"24":{"loc":{"start":{"line":155,"column":16},"end":{"line":163,"column":17}},"type":"if","locations":[{"start":{"line":155,"column":16},"end":{"line":163,"column":17}},{"start":{"line":157,"column":21},"end":{"line":163,"column":17}}],"line":155},"25":{"loc":{"start":{"line":160,"column":20},"end":{"line":162,"column":21}},"type":"if","locations":[{"start":{"line":160,"column":20},"end":{"line":162,"column":21}},{"start":{},"end":{}}],"line":160}},"s":{"0":3,"1":3,"2":3,"3":23,"4":22,"5":22,"6":4,"7":18,"8":18,"9":2,"10":16,"11":16,"12":56,"13":56,"14":2,"15":54,"16":2,"17":12,"18":1,"19":23,"20":22,"21":22,"22":2,"23":16,"24":16,"25":16,"26":48,"27":48,"28":4,"29":44,"30":2,"31":42,"32":16,"33":10,"34":2,"35":8,"36":2,"37":6,"38":1,"39":3,"40":10,"41":10,"42":10,"43":0,"44":10,"45":10,"46":10,"47":10,"48":10,"49":10,"50":10,"51":10,"52":40,"53":13,"54":13,"55":27,"56":5,"57":22,"58":13,"59":13,"60":9,"61":10,"62":2,"63":8,"64":8,"65":8,"66":1,"67":10,"68":10,"69":3},"f":{"0":3,"1":23,"2":23,"3":10},"b":{"0":[10,22,1],"1":[4,18],"2":[2,16],"3":[2,54],"4":[2,52],"5":[54,2],"6":[10,22,1],"7":[2,16],"8":[4,44],"9":[2,42],"10":[44,28],"11":[16,26],"12":[2,8],"13":[10,6],"14":[2,6],"15":[8,2],"16":[0,10],"17":[2,10],"18":[13,27],"19":[40,18],"20":[5,22],"21":[27,5],"22":[13,9],"23":[22,22],"24":[2,8],"25":[1,7]},"_coverageSchema":"1a1c01bbd47fc00a2c39e90264f33305004495a9","hash":"c141f6193532fb3a9f54527de9ab73be48d07318"}
,"C:\\Users\\15038\\OneDrive\\Desktop\\Capstone\\my-classroom-backend\\app\\models\\response.js": {"path":"C:\\Users\\15038\\OneDrive\\Desktop\\Capstone\\my-classroom-backend\\app\\models\\response.js","statementMap":{"0":{"start":{"line":3,"column":0},"end":{"line":39,"column":1}},"1":{"start":{"line":4,"column":21},"end":{"line":36,"column":6}},"2":{"start":{"line":38,"column":4},"end":{"line":38,"column":20}}},"fnMap":{"0":{"name":"(anonymous_0)","decl":{"start":{"line":3,"column":17},"end":{"line":3,"column":18}},"loc":{"start":{"line":3,"column":43},"end":{"line":39,"column":1}},"line":3}},"branchMap":{},"s":{"0":3,"1":3,"2":3},"f":{"0":3},"b":{},"_coverageSchema":"1a1c01bbd47fc00a2c39e90264f33305004495a9","hash":"3e5579daa7d4a6c8fe9effea76623fe87841c792"}
,"C:\\Users\\15038\\OneDrive\\Desktop\\Capstone\\my-classroom-backend\\app\\models\\user.js": {"path":"C:\\Users\\15038\\OneDrive\\Desktop\\Capstone\\my-classroom-backend\\app\\models\\user.js","statementMap":{"0":{"start":{"line":3,"column":15},"end":{"line":3,"column":32}},"1":{"start":{"line":4,"column":15},"end":{"line":4,"column":32}},"2":{"start":{"line":5,"column":19},"end":{"line":5,"column":61}},"3":{"start":{"line":7,"column":0},"end":{"line":197,"column":1}},"4":{"start":{"line":8,"column":17},"end":{"line":140,"column":6}},"5":{"start":{"line":43,"column":16},"end":{"line":43,"column":60}},"6":{"start":{"line":58,"column":41},"end":{"line":58,"column":76}},"7":{"start":{"line":59,"column":20},"end":{"line":63,"column":21}},"8":{"start":{"line":60,"column":24},"end":{"line":62,"column":25}},"9":{"start":{"line":61,"column":28},"end":{"line":61,"column":102}},"10":{"start":{"line":130,"column":16},"end":{"line":132,"column":17}},"11":{"start":{"line":131,"column":20},"end":{"line":131,"column":83}},"12":{"start":{"line":135,"column":16},"end":{"line":137,"column":17}},"13":{"start":{"line":136,"column":20},"end":{"line":136,"column":83}},"14":{"start":{"line":143,"column":4},"end":{"line":145,"column":5}},"15":{"start":{"line":144,"column":8},"end":{"line":144,"column":58}},"16":{"start":{"line":147,"column":4},"end":{"line":153,"column":5}},"17":{"start":{"line":148,"column":8},"end":{"line":148,"column":55}},"18":{"start":{"line":151,"column":8},"end":{"line":151,"column":98}},"19":{"start":{"line":152,"column":8},"end":{"line":152,"column":41}},"20":{"start":{"line":155,"column":4},"end":{"line":157,"column":5}},"21":{"start":{"line":156,"column":8},"end":{"line":156,"column":80}},"22":{"start":{"line":159,"column":4},"end":{"line":162,"column":5}},"23":{"start":{"line":160,"column":8},"end":{"line":160,"column":64}},"24":{"start":{"line":161,"column":8},"end":{"line":161,"column":34}},"25":{"start":{"line":164,"column":4},"end":{"line":171,"column":5}},"26":{"start":{"line":165,"column":8},"end":{"line":165,"column":51}},"27":{"start":{"line":168,"column":8},"end":{"line":168,"column":94}},"28":{"start":{"line":169,"column":8},"end":{"line":169,"column":42}},"29":{"start":{"line":170,"column":8},"end":{"line":170,"column":37}},"30":{"start":{"line":173,"column":4},"end":{"line":175,"column":5}},"31":{"start":{"line":174,"column":8},"end":{"line":174,"column":76}},"32":{"start":{"line":177,"column":4},"end":{"line":182,"column":5}},"33":{"start":{"line":178,"column":30},"end":{"line":178,"column":60}},"34":{"start":{"line":179,"column":8},"end":{"line":179,"column":52}},"35":{"start":{"line":181,"column":8},"end":{"line":181,"column":28}},"36":{"start":{"line":185,"column":4},"end":{"line":194,"column":5}},"37":{"start":{"line":186,"column":23},"end":{"line":186,"column":61}},"38":{"start":{"line":187,"column":26},"end":{"line":187,"column":27}},"39":{"start":{"line":188,"column":18},"end":{"line":188,"column":20}},"40":{"start":{"line":189,"column":8},"end":{"line":192,"column":9}},"41":{"start":{"line":189,"column":20},"end":{"line":189,"column":21}},"42":{"start":{"line":190,"column":24},"end":{"line":190,"column":65}},"43":{"start":{"line":191,"column":12},"end":{"line":191,"column":37}},"44":{"start":{"line":193,"column":8},"end":{"line":193,"column":19}},"45":{"start":{"line":196,"column":4},"end":{"line":196,"column":15}}},"fnMap":{"0":{"name":"(anonymous_0)","decl":{"start":{"line":7,"column":17},"end":{"line":7,"column":18}},"loc":{"start":{"line":7,"column":43},"end":{"line":197,"column":1}},"line":7},"1":{"name":"(anonymous_1)","decl":{"start":{"line":42,"column":12},"end":{"line":42,"column":13}},"loc":{"start":{"line":42,"column":18},"end":{"line":44,"column":13}},"line":42},"2":{"name":"(anonymous_2)","decl":{"start":{"line":57,"column":16},"end":{"line":57,"column":17}},"loc":{"start":{"line":57,"column":38},"end":{"line":64,"column":17}},"line":57},"3":{"name":"(anonymous_3)","decl":{"start":{"line":129,"column":26},"end":{"line":129,"column":27}},"loc":{"start":{"line":129,"column":42},"end":{"line":133,"column":13}},"line":129},"4":{"name":"(anonymous_4)","decl":{"start":{"line":134,"column":26},"end":{"line":134,"column":27}},"loc":{"start":{"line":134,"column":42},"end":{"line":138,"column":13}},"line":134},"5":{"name":"(anonymous_5)","decl":{"start":{"line":143,"column":38},"end":{"line":143,"column":39}},"loc":{"start":{"line":143,"column":58},"end":{"line":145,"column":5}},"line":143},"6":{"name":"(anonymous_6)","decl":{"start":{"line":147,"column":47},"end":{"line":147,"column":48}},"loc":{"start":{"line":147,"column":59},"end":{"line":153,"column":5}},"line":147},"7":{"name":"(anonymous_7)","decl":{"start":{"line":155,"column":46},"end":{"line":155,"column":47}},"loc":{"start":{"line":155,"column":58},"end":{"line":157,"column":5}},"line":155},"8":{"name":"(anonymous_8)","decl":{"start":{"line":159,"column":47},"end":{"line":159,"column":48}},"loc":{"start":{"line":159,"column":63},"end":{"line":162,"column":5}},"line":159},"9":{"name":"(anonymous_9)","decl":{"start":{"line":164,"column":43},"end":{"line":164,"column":44}},"loc":{"start":{"line":164,"column":55},"end":{"line":171,"column":5}},"line":164},"10":{"name":"(anonymous_10)","decl":{"start":{"line":173,"column":42},"end":{"line":173,"column":43}},"loc":{"start":{"line":173,"column":54},"end":{"line":175,"column":5}},"line":173},"11":{"name":"(anonymous_11)","decl":{"start":{"line":177,"column":43},"end":{"line":177,"column":44}},"loc":{"start":{"line":177,"column":59},"end":{"line":182,"column":5}},"line":177},"12":{"name":"(anonymous_12)","decl":{"start":{"line":185,"column":33},"end":{"line":185,"column":34}},"loc":{"start":{"line":185,"column":45},"end":{"line":194,"column":5}},"line":185}},"branchMap":{"0":{"loc":{"start":{"line":5,"column":19},"end":{"line":5,"column":61}},"type":"binary-expr","locations":[{"start":{"line":5,"column":19},"end":{"line":5,"column":56}},{"start":{"line":5,"column":60},"end":{"line":5,"column":61}}],"line":5},"1":{"loc":{"start":{"line":59,"column":20},"end":{"line":63,"column":21}},"type":"if","locations":[{"start":{"line":59,"column":20},"end":{"line":63,"column":21}},{"start":{},"end":{}}],"line":59},"2":{"loc":{"start":{"line":60,"column":24},"end":{"line":62,"column":25}},"type":"if","locations":[{"start":{"line":60,"column":24},"end":{"line":62,"column":25}},{"start":{},"end":{}}],"line":60},"3":{"loc":{"start":{"line":130,"column":16},"end":{"line":132,"column":17}},"type":"if","locations":[{"start":{"line":130,"column":16},"end":{"line":132,"column":17}},{"start":{},"end":{}}],"line":130},"4":{"loc":{"start":{"line":135,"column":16},"end":{"line":137,"column":17}},"type":"if","locations":[{"start":{"line":135,"column":16},"end":{"line":137,"column":17}},{"start":{},"end":{}}],"line":135}},"s":{"0":3,"1":3,"2":3,"3":3,"4":3,"5":1,"6":20,"7":20,"8":0,"9":0,"10":9,"11":9,"12":7,"13":7,"14":3,"15":2,"16":3,"17":1,"18":1,"19":1,"20":3,"21":4,"22":3,"23":2,"24":2,"25":3,"26":1,"27":1,"28":1,"29":1,"30":3,"31":4,"32":3,"33":2,"34":2,"35":2,"36":3,"37":2,"38":2,"39":2,"40":2,"41":2,"42":12,"43":12,"44":2,"45":3},"f":{"0":3,"1":1,"2":20,"3":9,"4":7,"5":2,"6":1,"7":4,"8":2,"9":1,"10":4,"11":2,"12":2},"b":{"0":[3,3],"1":[0,20],"2":[0,0],"3":[9,0],"4":[7,0]},"_coverageSchema":"1a1c01bbd47fc00a2c39e90264f33305004495a9","hash":"187b0dd0bb7b66134aaeba83193c12996c83dfd0"}
,"C:\\Users\\15038\\OneDrive\\Desktop\\Capstone\\my-classroom-backend\\config\\db.config.js": {"path":"C:\\Users\\15038\\OneDrive\\Desktop\\Capstone\\my-classroom-backend\\config\\db.config.js","statementMap":{"0":{"start":{"line":1,"column":12},"end":{"line":1,"column":49}},"1":{"start":{"line":2,"column":0},"end":{"line":4,"column":1}},"2":{"start":{"line":3,"column":2},"end":{"line":3,"column":47}},"3":{"start":{"line":6,"column":0},"end":{"line":36,"column":1}}},"fnMap":{},"branchMap":{"0":{"loc":{"start":{"line":1,"column":12},"end":{"line":1,"column":49}},"type":"binary-expr","locations":[{"start":{"line":1,"column":12},"end":{"line":1,"column":32}},{"start":{"line":1,"column":36},"end":{"line":1,"column":49}}],"line":1},"1":{"loc":{"start":{"line":2,"column":0},"end":{"line":4,"column":1}},"type":"if","locations":[{"start":{"line":2,"column":0},"end":{"line":4,"column":1}},{"start":{},"end":{}}],"line":2},"2":{"loc":{"start":{"line":2,"column":4},"end":{"line":2,"column":43}},"type":"binary-expr","locations":[{"start":{"line":2,"column":4},"end":{"line":2,"column":25}},{"start":{"line":2,"column":29},"end":{"line":2,"column":43}}],"line":2},"3":{"loc":{"start":{"line":8,"column":16},"end":{"line":8,"column":56}},"type":"binary-expr","locations":[{"start":{"line":8,"column":16},"end":{"line":8,"column":39}},{"start":{"line":8,"column":43},"end":{"line":8,"column":56}}],"line":8},"4":{"loc":{"start":{"line":9,"column":16},"end":{"line":9,"column":47}},"type":"binary-expr","locations":[{"start":{"line":9,"column":16},"end":{"line":9,"column":39}},{"start":{"line":9,"column":43},"end":{"line":9,"column":47}}],"line":9},"5":{"loc":{"start":{"line":10,"column":16},"end":{"line":10,"column":68}},"type":"binary-expr","locations":[{"start":{"line":10,"column":16},"end":{"line":10,"column":39}},{"start":{"line":10,"column":43},"end":{"line":10,"column":68}}],"line":10},"6":{"loc":{"start":{"line":11,"column":12},"end":{"line":11,"column":50}},"type":"binary-expr","locations":[{"start":{"line":11,"column":12},"end":{"line":11,"column":35}},{"start":{"line":11,"column":39},"end":{"line":11,"column":50}}],"line":11},"7":{"loc":{"start":{"line":15,"column":17},"end":{"line":15,"column":58}},"type":"binary-expr","locations":[{"start":{"line":15,"column":17},"end":{"line":15,"column":41}},{"start":{"line":15,"column":45},"end":{"line":15,"column":58}}],"line":15},"8":{"loc":{"start":{"line":16,"column":17},"end":{"line":16,"column":49}},"type":"binary-expr","locations":[{"start":{"line":16,"column":17},"end":{"line":16,"column":41}},{"start":{"line":16,"column":45},"end":{"line":16,"column":49}}],"line":16},"9":{"loc":{"start":{"line":17,"column":17},"end":{"line":17,"column":63}},"type":"binary-expr","locations":[{"start":{"line":17,"column":17},"end":{"line":17,"column":41}},{"start":{"line":17,"column":45},"end":{"line":17,"column":63}}],"line":17},"10":{"loc":{"start":{"line":18,"column":13},"end":{"line":18,"column":52}},"type":"binary-expr","locations":[{"start":{"line":18,"column":13},"end":{"line":18,"column":37}},{"start":{"line":18,"column":41},"end":{"line":18,"column":52}}],"line":18}},"s":{"0":3,"1":3,"2":3,"3":3},"f":{},"b":{"0":[3,0],"1":[3,0],"2":[3,3],"3":[3,0],"4":[3,0],"5":[3,0],"6":[3,3],"7":[3,0],"8":[3,0],"9":[3,0],"10":[3,3]},"_coverageSchema":"1a1c01bbd47fc00a2c39e90264f33305004495a9","hash":"002a8b3a6308c2d20e37366bdc9180176eb1c442"}
}
