TN:
SF:app\models\index.js
FN:21,(anonymous_0)
FN:24,(anonymous_1)
FN:29,(anonymous_2)
FNF:3
FNH:3
FNDA:15,(anonymous_0)
FNDA:12,(anonymous_1)
FNDA:12,(anonymous_2)
DA:3,3
DA:4,3
DA:5,3
DA:6,3
DA:7,3
DA:8,3
DA:9,3
DA:10,3
DA:13,3
DA:14,0
DA:16,3
DA:19,3
DA:22,15
DA:25,12
DA:26,12
DA:29,3
DA:30,12
DA:31,0
DA:35,3
DA:36,3
DA:38,3
LF:21
LH:19
BRDA:8,0,0,3
BRDA:8,0,1,0
BRDA:13,1,0,0
BRDA:13,1,1,3
BRDA:22,2,0,15
BRDA:22,2,1,15
BRDA:22,2,2,12
BRDA:30,3,0,0
BRDA:30,3,1,12
BRF:9
BRH:6
end_of_record
TN:
SF:app\models\lecture.js
FN:6,(anonymous_0)
FNF:1
FNH:1
FNDA:3,(anonymous_0)
DA:6,3
DA:7,3
DA:59,3
LF:3
LH:3
BRF:0
BRH:0
end_of_record
TN:
SF:app\models\question.js
FN:5,(anonymous_0)
FN:39,(anonymous_1)
FN:72,(anonymous_2)
FN:124,(anonymous_3)
FNF:4
FNH:4
FNDA:3,(anonymous_0)
FNDA:23,(anonymous_1)
FNDA:23,(anonymous_2)
FNDA:10,(anonymous_3)
DA:3,3
DA:5,3
DA:6,3
DA:40,23
DA:43,22
DA:44,22
DA:45,4
DA:47,18
DA:48,18
DA:49,2
DA:51,16
DA:52,16
DA:53,56
DA:55,56
DA:56,2
DA:58,54
DA:59,2
DA:62,12
DA:64,1
DA:73,23
DA:76,22
DA:77,22
DA:78,2
DA:80,16
DA:81,16
DA:82,16
DA:83,48
DA:85,48
DA:86,4
DA:88,44
DA:89,2
DA:91,42
DA:92,16
DA:95,10
DA:96,2
DA:98,8
DA:99,2
DA:101,6
DA:103,1
DA:124,3
DA:125,10
DA:126,10
DA:127,10
DA:128,0
DA:130,10
DA:133,10
DA:134,10
DA:135,10
DA:136,10
DA:137,10
DA:138,10
DA:139,10
DA:140,40
DA:141,13
DA:142,13
DA:144,27
DA:145,5
DA:147,22
DA:148,13
DA:149,13
DA:152,9
DA:155,10
DA:156,2
DA:158,8
DA:159,8
DA:160,8
DA:161,1
DA:164,10
DA:166,10
DA:169,3
LF:70
LH:69
BRDA:40,0,0,10
BRDA:40,0,1,22
BRDA:40,0,2,1
BRDA:44,1,0,4
BRDA:44,1,1,18
BRDA:48,2,0,2
BRDA:48,2,1,16
BRDA:55,3,0,2
BRDA:55,3,1,54
BRDA:58,4,0,2
BRDA:58,4,1,52
BRDA:58,5,0,54
BRDA:58,5,1,2
BRDA:73,6,0,10
BRDA:73,6,1,22
BRDA:73,6,2,1
BRDA:77,7,0,2
BRDA:77,7,1,16
BRDA:85,8,0,4
BRDA:85,8,1,44
BRDA:88,9,0,2
BRDA:88,9,1,42
BRDA:88,10,0,44
BRDA:88,10,1,28
BRDA:91,11,0,16
BRDA:91,11,1,26
BRDA:95,12,0,2
BRDA:95,12,1,8
BRDA:95,13,0,10
BRDA:95,13,1,6
BRDA:98,14,0,2
BRDA:98,14,1,6
BRDA:98,15,0,8
BRDA:98,15,1,2
BRDA:127,16,0,0
BRDA:127,16,1,10
BRDA:130,17,0,2
BRDA:130,17,1,10
BRDA:140,18,0,13
BRDA:140,18,1,27
BRDA:140,19,0,40
BRDA:140,19,1,18
BRDA:144,20,0,5
BRDA:144,20,1,22
BRDA:144,21,0,27
BRDA:144,21,1,5
BRDA:147,22,0,13
BRDA:147,22,1,9
BRDA:147,23,0,22
BRDA:147,23,1,22
BRDA:155,24,0,2
BRDA:155,24,1,8
BRDA:160,25,0,1
BRDA:160,25,1,7
BRF:54
BRH:53
end_of_record
TN:
SF:app\models\response.js
FN:3,(anonymous_0)
FNF:1
FNH:1
FNDA:3,(anonymous_0)
DA:3,3
DA:4,3
DA:38,3
LF:3
LH:3
BRF:0
BRH:0
end_of_record
TN:
SF:app\models\user.js
FN:7,(anonymous_0)
FN:42,(anonymous_1)
FN:57,(anonymous_2)
FN:129,(anonymous_3)
FN:134,(anonymous_4)
FN:143,(anonymous_5)
FN:147,(anonymous_6)
FN:155,(anonymous_7)
FN:159,(anonymous_8)
FN:164,(anonymous_9)
FN:173,(anonymous_10)
FN:177,(anonymous_11)
FN:185,(anonymous_12)
FNF:13
FNH:13
FNDA:3,(anonymous_0)
FNDA:1,(anonymous_1)
FNDA:20,(anonymous_2)
FNDA:9,(anonymous_3)
FNDA:7,(anonymous_4)
FNDA:2,(anonymous_5)
FNDA:1,(anonymous_6)
FNDA:4,(anonymous_7)
FNDA:2,(anonymous_8)
FNDA:1,(anonymous_9)
FNDA:4,(anonymous_10)
FNDA:2,(anonymous_11)
FNDA:2,(anonymous_12)
DA:3,3
DA:4,3
DA:5,3
DA:7,3
DA:8,3
DA:43,1
DA:58,20
DA:59,20
DA:60,0
DA:61,0
DA:130,9
DA:131,9
DA:135,7
DA:136,7
DA:143,3
DA:144,2
DA:147,3
DA:148,1
DA:151,1
DA:152,1
DA:155,3
DA:156,4
DA:159,3
DA:160,2
DA:161,2
DA:164,3
DA:165,1
DA:168,1
DA:169,1
DA:170,1
DA:173,3
DA:174,4
DA:177,3
DA:178,2
DA:179,2
DA:181,2
DA:185,3
DA:186,2
DA:187,2
DA:188,2
DA:189,2
DA:190,12
DA:191,12
DA:193,2
DA:196,3
LF:45
LH:43
BRDA:5,0,0,3
BRDA:5,0,1,3
BRDA:59,1,0,0
BRDA:59,1,1,20
BRDA:60,2,0,0
BRDA:60,2,1,0
BRDA:130,3,0,9
BRDA:130,3,1,0
BRDA:135,4,0,7
BRDA:135,4,1,0
BRF:10
BRH:5
end_of_record
TN:
SF:config\db.config.js
FNF:0
FNH:0
DA:1,3
DA:2,3
DA:3,3
DA:6,3
LF:4
LH:4
BRDA:1,0,0,3
BRDA:1,0,1,0
BRDA:2,1,0,3
BRDA:2,1,1,0
BRDA:2,2,0,3
BRDA:2,2,1,3
BRDA:8,3,0,3
BRDA:8,3,1,0
BRDA:9,4,0,3
BRDA:9,4,1,0
BRDA:10,5,0,3
BRDA:10,5,1,0
BRDA:11,6,0,3
BRDA:11,6,1,3
BRDA:15,7,0,3
BRDA:15,7,1,0
BRDA:16,8,0,3
BRDA:16,8,1,0
BRDA:17,9,0,3
BRDA:17,9,1,0
BRDA:18,10,0,3
BRDA:18,10,1,3
BRF:22
BRH:14
end_of_record
